<?xml version="1.0" encoding="UTF-8"?>
<!-- Generated by org.testng.reporters.JUnitReportReporter -->
<testsuite hostname="Laptop" name="AnnotationTest.SampleTest" tests="1" failures="0" timestamp="7 Sep 2019 09:43:11 GMT" time="0.008" errors="0">
  <testcase name="test" time="0.008" classname="AnnotationTest.SampleTest"/>
</testsuite> <!-- AnnotationTest.SampleTest -->
